<?xml version="1.0" encoding="UTF-8"?>
<testng-results ignored="0" total="1" passed="1" failed="0" skipped="0">
  <reporter-output>
  </reporter-output>
  <suite started-at="2024-08-30T20:14:09 IST" name="Default suite" finished-at="2024-08-30T20:14:09 IST" duration-ms="134">
    <groups>
    </groups>
    <test started-at="2024-08-30T20:14:09 IST" name="Default test" finished-at="2024-08-30T20:14:09 IST" duration-ms="134">
      <class name="com.zoho.mail.Escalation_WhatsAppAndMail_Excel_1">
        <test-method signature="run()[pri:0, instance:com.zoho.mail.Escalation_WhatsAppAndMail_Excel_1@4c36250e]" started-at="2024-08-30T20:14:09 IST" name="run" finished-at="2024-08-30T20:14:09 IST" duration-ms="82" status="PASS">
          <reporter-output>
          </reporter-output>
        </test-method> <!-- run -->
      </class> <!-- com.zoho.mail.Escalation_WhatsAppAndMail_Excel_1 -->
    </test> <!-- Default test -->
  </suite> <!-- Default suite -->
</testng-results>
